
*** Running vivado
    with args -log design_1_wrapper.vdi -applog -m64 -product Vivado -messageDb vivado.pb -mode batch -source design_1_wrapper.tcl -notrace


****** Vivado v2022.2 (64-bit)
  **** SW Build 3671981 on Fri Oct 14 04:59:54 MDT 2022
  **** IP Build 3669848 on Fri Oct 14 08:30:02 MDT 2022
    ** Copyright 1986-2022 Xilinx, Inc. All Rights Reserved.

source design_1_wrapper.tcl -notrace
create_project: Time (s): cpu = 00:00:06 ; elapsed = 00:00:07 . Memory (MB): peak = 1998.840 ; gain = 87.996 ; free physical = 37189 ; free virtual = 55703
INFO: [IP_Flow 19-234] Refreshing IP repositories
INFO: [IP_Flow 19-1700] Loaded user IP repository '/home/STUDENTS/varun/Desktop/Major_Project/BTP_ML_ACCEL/FPGA_Deploy/hls/ip_repo'.
INFO: [IP_Flow 19-2313] Loaded Vivado IP repository '/tools/Xilinx/Vivado/2022.2/data/ip'.
Command: link_design -top design_1_wrapper -part xc7z020clg400-1
Design is defaulting to srcset: sources_1
Design is defaulting to constrset: constrs_1
INFO: [Device 21-403] Loading part xc7z020clg400-1
INFO: [Project 1-454] Reading design checkpoint '/home/STUDENTS/varun/Desktop/Major_Project/BTP_ML_ACCEL/FPGA_Deploy/vivado/knn_accel_overlay/knn_accel_overlay.gen/sources_1/bd/design_1/ip/design_1_axi_dma_0_0/design_1_axi_dma_0_0.dcp' for cell 'design_1_i/axi_dma_0'
INFO: [Project 1-454] Reading design checkpoint '/home/STUDENTS/varun/Desktop/Major_Project/BTP_ML_ACCEL/FPGA_Deploy/vivado/knn_accel_overlay/knn_accel_overlay.gen/sources_1/bd/design_1/ip/design_1_knn_accel_0_0/design_1_knn_accel_0_0.dcp' for cell 'design_1_i/knn_accel_0'
INFO: [Project 1-454] Reading design checkpoint '/home/STUDENTS/varun/Desktop/Major_Project/BTP_ML_ACCEL/FPGA_Deploy/vivado/knn_accel_overlay/knn_accel_overlay.gen/sources_1/bd/design_1/ip/design_1_processing_system7_0_0/design_1_processing_system7_0_0.dcp' for cell 'design_1_i/processing_system7_0'
INFO: [Project 1-454] Reading design checkpoint '/home/STUDENTS/varun/Desktop/Major_Project/BTP_ML_ACCEL/FPGA_Deploy/vivado/knn_accel_overlay/knn_accel_overlay.gen/sources_1/bd/design_1/ip/design_1_rst_ps7_0_100M_0/design_1_rst_ps7_0_100M_0.dcp' for cell 'design_1_i/rst_ps7_0_100M'
INFO: [Project 1-454] Reading design checkpoint '/home/STUDENTS/varun/Desktop/Major_Project/BTP_ML_ACCEL/FPGA_Deploy/vivado/knn_accel_overlay/knn_accel_overlay.gen/sources_1/bd/design_1/ip/design_1_xbar_1/design_1_xbar_1.dcp' for cell 'design_1_i/axi_mem_intercon/xbar'
INFO: [Project 1-454] Reading design checkpoint '/home/STUDENTS/varun/Desktop/Major_Project/BTP_ML_ACCEL/FPGA_Deploy/vivado/knn_accel_overlay/knn_accel_overlay.gen/sources_1/bd/design_1/ip/design_1_auto_pc_1/design_1_auto_pc_1.dcp' for cell 'design_1_i/axi_mem_intercon/m00_couplers/auto_pc'
INFO: [Project 1-454] Reading design checkpoint '/home/STUDENTS/varun/Desktop/Major_Project/BTP_ML_ACCEL/FPGA_Deploy/vivado/knn_accel_overlay/knn_accel_overlay.gen/sources_1/bd/design_1/ip/design_1_auto_us_0/design_1_auto_us_0.dcp' for cell 'design_1_i/axi_mem_intercon/s00_couplers/auto_us'
INFO: [Project 1-454] Reading design checkpoint '/home/STUDENTS/varun/Desktop/Major_Project/BTP_ML_ACCEL/FPGA_Deploy/vivado/knn_accel_overlay/knn_accel_overlay.gen/sources_1/bd/design_1/ip/design_1_auto_us_1/design_1_auto_us_1.dcp' for cell 'design_1_i/axi_mem_intercon/s01_couplers/auto_us'
INFO: [Project 1-454] Reading design checkpoint '/home/STUDENTS/varun/Desktop/Major_Project/BTP_ML_ACCEL/FPGA_Deploy/vivado/knn_accel_overlay/knn_accel_overlay.gen/sources_1/bd/design_1/ip/design_1_xbar_0/design_1_xbar_0.dcp' for cell 'design_1_i/ps7_0_axi_periph/xbar'
INFO: [Project 1-454] Reading design checkpoint '/home/STUDENTS/varun/Desktop/Major_Project/BTP_ML_ACCEL/FPGA_Deploy/vivado/knn_accel_overlay/knn_accel_overlay.gen/sources_1/bd/design_1/ip/design_1_auto_pc_0/design_1_auto_pc_0.dcp' for cell 'design_1_i/ps7_0_axi_periph/s00_couplers/auto_pc'
Netlist sorting complete. Time (s): cpu = 00:00:00.37 ; elapsed = 00:00:00.37 . Memory (MB): peak = 2443.527 ; gain = 0.000 ; free physical = 36803 ; free virtual = 55319
INFO: [Netlist 29-17] Analyzing 857 Unisim elements for replacement
INFO: [Netlist 29-28] Unisim Transformation completed in 0 CPU seconds
INFO: [Project 1-479] Netlist was created with Vivado 2022.2
INFO: [Project 1-570] Preparing netlist for logic optimization
Parsing XDC File [/home/STUDENTS/varun/Desktop/Major_Project/BTP_ML_ACCEL/FPGA_Deploy/vivado/knn_accel_overlay/knn_accel_overlay.gen/sources_1/bd/design_1/ip/design_1_processing_system7_0_0/design_1_processing_system7_0_0.xdc] for cell 'design_1_i/processing_system7_0/inst'
Finished Parsing XDC File [/home/STUDENTS/varun/Desktop/Major_Project/BTP_ML_ACCEL/FPGA_Deploy/vivado/knn_accel_overlay/knn_accel_overlay.gen/sources_1/bd/design_1/ip/design_1_processing_system7_0_0/design_1_processing_system7_0_0.xdc] for cell 'design_1_i/processing_system7_0/inst'
Parsing XDC File [/home/STUDENTS/varun/Desktop/Major_Project/BTP_ML_ACCEL/FPGA_Deploy/vivado/knn_accel_overlay/knn_accel_overlay.gen/sources_1/bd/design_1/ip/design_1_axi_dma_0_0/design_1_axi_dma_0_0.xdc] for cell 'design_1_i/axi_dma_0/U0'
WARNING: [Vivado_Tcl 4-921] Waiver ID 'CDC-1' -to list should not be empty. [/home/STUDENTS/varun/Desktop/Major_Project/BTP_ML_ACCEL/FPGA_Deploy/vivado/knn_accel_overlay/knn_accel_overlay.gen/sources_1/bd/design_1/ip/design_1_axi_dma_0_0/design_1_axi_dma_0_0.xdc:52]
WARNING: [Vivado_Tcl 4-921] Waiver ID 'CDC-1' -to list should not be empty. [/home/STUDENTS/varun/Desktop/Major_Project/BTP_ML_ACCEL/FPGA_Deploy/vivado/knn_accel_overlay/knn_accel_overlay.gen/sources_1/bd/design_1/ip/design_1_axi_dma_0_0/design_1_axi_dma_0_0.xdc:56]
WARNING: [Vivado_Tcl 4-919] Waiver ID 'CDC-1' -from list should not be empty. [/home/STUDENTS/varun/Desktop/Major_Project/BTP_ML_ACCEL/FPGA_Deploy/vivado/knn_accel_overlay/knn_accel_overlay.gen/sources_1/bd/design_1/ip/design_1_axi_dma_0_0/design_1_axi_dma_0_0.xdc:61]
Finished Parsing XDC File [/home/STUDENTS/varun/Desktop/Major_Project/BTP_ML_ACCEL/FPGA_Deploy/vivado/knn_accel_overlay/knn_accel_overlay.gen/sources_1/bd/design_1/ip/design_1_axi_dma_0_0/design_1_axi_dma_0_0.xdc] for cell 'design_1_i/axi_dma_0/U0'
Parsing XDC File [/home/STUDENTS/varun/Desktop/Major_Project/BTP_ML_ACCEL/FPGA_Deploy/vivado/knn_accel_overlay/knn_accel_overlay.gen/sources_1/bd/design_1/ip/design_1_rst_ps7_0_100M_0/design_1_rst_ps7_0_100M_0_board.xdc] for cell 'design_1_i/rst_ps7_0_100M/U0'
Finished Parsing XDC File [/home/STUDENTS/varun/Desktop/Major_Project/BTP_ML_ACCEL/FPGA_Deploy/vivado/knn_accel_overlay/knn_accel_overlay.gen/sources_1/bd/design_1/ip/design_1_rst_ps7_0_100M_0/design_1_rst_ps7_0_100M_0_board.xdc] for cell 'design_1_i/rst_ps7_0_100M/U0'
Parsing XDC File [/home/STUDENTS/varun/Desktop/Major_Project/BTP_ML_ACCEL/FPGA_Deploy/vivado/knn_accel_overlay/knn_accel_overlay.gen/sources_1/bd/design_1/ip/design_1_rst_ps7_0_100M_0/design_1_rst_ps7_0_100M_0.xdc] for cell 'design_1_i/rst_ps7_0_100M/U0'
Finished Parsing XDC File [/home/STUDENTS/varun/Desktop/Major_Project/BTP_ML_ACCEL/FPGA_Deploy/vivado/knn_accel_overlay/knn_accel_overlay.gen/sources_1/bd/design_1/ip/design_1_rst_ps7_0_100M_0/design_1_rst_ps7_0_100M_0.xdc] for cell 'design_1_i/rst_ps7_0_100M/U0'
Parsing XDC File [/home/STUDENTS/varun/Desktop/Major_Project/BTP_ML_ACCEL/FPGA_Deploy/vivado/knn_accel_overlay/knn_accel_overlay.gen/sources_1/bd/design_1/ip/design_1_axi_dma_0_0/design_1_axi_dma_0_0_clocks.xdc] for cell 'design_1_i/axi_dma_0/U0'
Finished Parsing XDC File [/home/STUDENTS/varun/Desktop/Major_Project/BTP_ML_ACCEL/FPGA_Deploy/vivado/knn_accel_overlay/knn_accel_overlay.gen/sources_1/bd/design_1/ip/design_1_axi_dma_0_0/design_1_axi_dma_0_0_clocks.xdc] for cell 'design_1_i/axi_dma_0/U0'
Parsing XDC File [/home/STUDENTS/varun/Desktop/Major_Project/BTP_ML_ACCEL/FPGA_Deploy/vivado/knn_accel_overlay/knn_accel_overlay.gen/sources_1/bd/design_1/ip/design_1_auto_us_0/design_1_auto_us_0_clocks.xdc] for cell 'design_1_i/axi_mem_intercon/s00_couplers/auto_us/inst'
Finished Parsing XDC File [/home/STUDENTS/varun/Desktop/Major_Project/BTP_ML_ACCEL/FPGA_Deploy/vivado/knn_accel_overlay/knn_accel_overlay.gen/sources_1/bd/design_1/ip/design_1_auto_us_0/design_1_auto_us_0_clocks.xdc] for cell 'design_1_i/axi_mem_intercon/s00_couplers/auto_us/inst'
Parsing XDC File [/home/STUDENTS/varun/Desktop/Major_Project/BTP_ML_ACCEL/FPGA_Deploy/vivado/knn_accel_overlay/knn_accel_overlay.gen/sources_1/bd/design_1/ip/design_1_auto_us_1/design_1_auto_us_1_clocks.xdc] for cell 'design_1_i/axi_mem_intercon/s01_couplers/auto_us/inst'
Finished Parsing XDC File [/home/STUDENTS/varun/Desktop/Major_Project/BTP_ML_ACCEL/FPGA_Deploy/vivado/knn_accel_overlay/knn_accel_overlay.gen/sources_1/bd/design_1/ip/design_1_auto_us_1/design_1_auto_us_1_clocks.xdc] for cell 'design_1_i/axi_mem_intercon/s01_couplers/auto_us/inst'
INFO: [Project 1-1714] 6 XPM XDC files have been applied to the design.
INFO: [Opt 31-138] Pushed 0 inverter(s) to 0 load pin(s).
Netlist sorting complete. Time (s): cpu = 00:00:00.01 ; elapsed = 00:00:00 . Memory (MB): peak = 2799.008 ; gain = 0.000 ; free physical = 36676 ; free virtual = 55192
INFO: [Project 1-111] Unisim Transformation Summary:
  A total of 5 instances were transformed.
  RAM32M => RAM32M (RAMD32(x6), RAMS32(x2)): 4 instances
  RAM32X1D => RAM32X1D (RAMD32(x2)): 1 instance 

21 Infos, 3 Warnings, 0 Critical Warnings and 0 Errors encountered.
link_design completed successfully
link_design: Time (s): cpu = 00:00:20 ; elapsed = 00:00:23 . Memory (MB): peak = 2799.008 ; gain = 745.566 ; free physical = 36673 ; free virtual = 55188
Command: opt_design
Attempting to get a license for feature 'Implementation' and/or device 'xc7z020'
INFO: [Common 17-349] Got license for feature 'Implementation' and/or device 'xc7z020'
Running DRC as a precondition to command opt_design

Starting DRC Task
INFO: [DRC 23-27] Running DRC with 8 threads
INFO: [Project 1-461] DRC finished with 0 Errors
INFO: [Project 1-462] Please refer to the DRC report (report_drc) for more information.

Time (s): cpu = 00:00:02 ; elapsed = 00:00:01 . Memory (MB): peak = 2799.008 ; gain = 0.000 ; free physical = 36640 ; free virtual = 55156

Starting Cache Timing Information Task
INFO: [Timing 38-35] Done setting XDC timing constraints.
Ending Cache Timing Information Task | Checksum: 1354bf9d3

Time (s): cpu = 00:00:11 ; elapsed = 00:00:10 . Memory (MB): peak = 3184.438 ; gain = 385.430 ; free physical = 36300 ; free virtual = 54812

Starting Logic Optimization Task

Phase 1 Retarget
INFO: [Opt 31-1287] Pulled Inverter design_1_i/axi_dma_0/U0/I_PRMRY_DATAMOVER/GEN_S2MM_FULL.I_S2MM_FULL_WRAPPER/GEN_INCLUDE_IBTTCC.I_S2MM_MSTR_IBTTCC/sig_realign_cmd_cmplt_reg_i_1 into driver instance design_1_i/axi_dma_0/U0/I_PRMRY_DATAMOVER/GEN_S2MM_FULL.I_S2MM_FULL_WRAPPER/GEN_INCLUDE_IBTTCC.I_S2MM_MSTR_IBTTCC/sig_realigner_btt2[22]_i_2, which resulted in an inversion of 19 pins
INFO: [Opt 31-1287] Pulled Inverter design_1_i/axi_mem_intercon/m00_couplers/auto_pc/inst/gen_axi4_axi3.axi3_conv_inst/USE_READ.USE_SPLIT_R.read_addr_inst/USE_R_CHANNEL.cmd_queue/inst/fifo_gen_inst_i_2__0 into driver instance design_1_i/axi_mem_intercon/m00_couplers/auto_pc/inst/gen_axi4_axi3.axi3_conv_inst/USE_READ.USE_SPLIT_R.read_addr_inst/USE_R_CHANNEL.cmd_queue/inst/fifo_gen_inst_i_4__0, which resulted in an inversion of 6 pins
INFO: [Opt 31-1287] Pulled Inverter design_1_i/axi_mem_intercon/m00_couplers/auto_pc/inst/gen_axi4_axi3.axi3_conv_inst/USE_READ.USE_SPLIT_R.read_addr_inst/USE_R_CHANNEL.cmd_queue/inst/split_ongoing_i_1__0 into driver instance design_1_i/axi_mem_intercon/m00_couplers/auto_pc/inst/gen_axi4_axi3.axi3_conv_inst/USE_READ.USE_SPLIT_R.read_addr_inst/USE_R_CHANNEL.cmd_queue/inst/S_AXI_AREADY_I_i_3__0, which resulted in an inversion of 3 pins
INFO: [Opt 31-1287] Pulled Inverter design_1_i/axi_mem_intercon/m00_couplers/auto_pc/inst/gen_axi4_axi3.axi3_conv_inst/USE_WRITE.write_addr_inst/USE_BURSTS.cmd_queue/inst/split_ongoing_i_1 into driver instance design_1_i/axi_mem_intercon/m00_couplers/auto_pc/inst/gen_axi4_axi3.axi3_conv_inst/USE_WRITE.write_addr_inst/USE_BURSTS.cmd_queue/inst/S_AXI_AREADY_I_i_4, which resulted in an inversion of 3 pins
INFO: [Opt 31-1287] Pulled Inverter design_1_i/axi_mem_intercon/m00_couplers/auto_pc/inst/gen_axi4_axi3.axi3_conv_inst/USE_WRITE.write_addr_inst/USE_B_CHANNEL.cmd_b_queue/inst/fifo_gen_inst_i_1 into driver instance design_1_i/axi_mem_intercon/m00_couplers/auto_pc/inst/gen_axi4_axi3.axi3_conv_inst/USE_WRITE.write_addr_inst/USE_B_CHANNEL.cmd_b_queue/inst/fifo_gen_inst_i_3__0, which resulted in an inversion of 8 pins
INFO: [Opt 31-1287] Pulled Inverter design_1_i/axi_mem_intercon/s00_couplers/auto_us/inst/gen_upsizer.gen_full_upsizer.axi_upsizer_inst/si_register_slice_inst/ar.ar_pipe/USE_RTL_FIFO.data_srl_reg[31][11]_srl32_i_1 into driver instance design_1_i/axi_mem_intercon/s00_couplers/auto_us/inst/gen_upsizer.gen_full_upsizer.axi_upsizer_inst/si_register_slice_inst/ar.ar_pipe/m_axi_araddr[0]_INST_0_i_1, which resulted in an inversion of 5 pins
INFO: [Opt 31-1287] Pulled Inverter design_1_i/axi_mem_intercon/s00_couplers/auto_us/inst/gen_upsizer.gen_full_upsizer.axi_upsizer_inst/si_register_slice_inst/ar.ar_pipe/USE_RTL_FIFO.data_srl_reg[31][13]_srl32_i_1 into driver instance design_1_i/axi_mem_intercon/s00_couplers/auto_us/inst/gen_upsizer.gen_full_upsizer.axi_upsizer_inst/si_register_slice_inst/ar.ar_pipe/m_axi_araddr[2]_INST_0_i_2, which resulted in an inversion of 8 pins
INFO: [Opt 31-138] Pushed 59 inverter(s) to 63 load pin(s).
INFO: [Opt 31-49] Retargeted 0 cell(s).
Phase 1 Retarget | Checksum: fd552b41

Time (s): cpu = 00:00:02 ; elapsed = 00:00:01 . Memory (MB): peak = 3463.328 ; gain = 0.000 ; free physical = 36083 ; free virtual = 54598
INFO: [Opt 31-389] Phase Retarget created 43 cells and removed 179 cells
INFO: [Opt 31-1021] In phase Retarget, 27 netlist objects are constrained preventing optimization. Please run opt_design with -debug_log to get more detail. 

Phase 2 Constant propagation
INFO: [Opt 31-138] Pushed 3 inverter(s) to 10 load pin(s).
Phase 2 Constant propagation | Checksum: 153b229e6

Time (s): cpu = 00:00:03 ; elapsed = 00:00:02 . Memory (MB): peak = 3463.328 ; gain = 0.000 ; free physical = 36090 ; free virtual = 54604
INFO: [Opt 31-389] Phase Constant propagation created 248 cells and removed 816 cells
INFO: [Opt 31-1021] In phase Constant propagation, 27 netlist objects are constrained preventing optimization. Please run opt_design with -debug_log to get more detail. 

Phase 3 Sweep
Phase 3 Sweep | Checksum: 16df32f8f

Time (s): cpu = 00:00:04 ; elapsed = 00:00:03 . Memory (MB): peak = 3463.328 ; gain = 0.000 ; free physical = 36104 ; free virtual = 54618
INFO: [Opt 31-389] Phase Sweep created 0 cells and removed 212 cells
INFO: [Opt 31-1021] In phase Sweep, 97 netlist objects are constrained preventing optimization. Please run opt_design with -debug_log to get more detail. 

Phase 4 BUFG optimization
Phase 4 BUFG optimization | Checksum: 16df32f8f

Time (s): cpu = 00:00:04 ; elapsed = 00:00:03 . Memory (MB): peak = 3495.344 ; gain = 32.016 ; free physical = 36106 ; free virtual = 54621
INFO: [Opt 31-662] Phase BUFG optimization created 0 cells of which 0 are BUFGs and removed 0 cells.

Phase 5 Shift Register Optimization
INFO: [Opt 31-1064] SRL Remap converted 0 SRLs to 0 registers and converted 0 registers of register chains to 0 SRLs
Phase 5 Shift Register Optimization | Checksum: 16df32f8f

Time (s): cpu = 00:00:04 ; elapsed = 00:00:03 . Memory (MB): peak = 3495.344 ; gain = 32.016 ; free physical = 36105 ; free virtual = 54620
INFO: [Opt 31-389] Phase Shift Register Optimization created 0 cells and removed 0 cells

Phase 6 Post Processing Netlist
Phase 6 Post Processing Netlist | Checksum: 11641d5e5

Time (s): cpu = 00:00:05 ; elapsed = 00:00:03 . Memory (MB): peak = 3495.344 ; gain = 32.016 ; free physical = 36106 ; free virtual = 54620
INFO: [Opt 31-389] Phase Post Processing Netlist created 0 cells and removed 0 cells
INFO: [Opt 31-1021] In phase Post Processing Netlist, 33 netlist objects are constrained preventing optimization. Please run opt_design with -debug_log to get more detail. 
Opt_design Change Summary
=========================


-------------------------------------------------------------------------------------------------------------------------
|  Phase                        |  #Cells created  |  #Cells Removed  |  #Constrained objects preventing optimizations  |
-------------------------------------------------------------------------------------------------------------------------
|  Retarget                     |              43  |             179  |                                             27  |
|  Constant propagation         |             248  |             816  |                                             27  |
|  Sweep                        |               0  |             212  |                                             97  |
|  BUFG optimization            |               0  |               0  |                                              0  |
|  Shift Register Optimization  |               0  |               0  |                                              0  |
|  Post Processing Netlist      |               0  |               0  |                                             33  |
-------------------------------------------------------------------------------------------------------------------------



Starting Connectivity Check Task

Time (s): cpu = 00:00:00.06 ; elapsed = 00:00:00.07 . Memory (MB): peak = 3495.344 ; gain = 0.000 ; free physical = 36109 ; free virtual = 54624
Ending Logic Optimization Task | Checksum: 21826d825

Time (s): cpu = 00:00:05 ; elapsed = 00:00:04 . Memory (MB): peak = 3495.344 ; gain = 32.016 ; free physical = 36109 ; free virtual = 54624

Starting Power Optimization Task
INFO: [Pwropt 34-132] Skipping clock gating for clocks with a period < 2.00 ns.
INFO: [Timing 38-35] Done setting XDC timing constraints.
Running Vector-less Activity Propagation...
INFO: [Pwropt 34-9] Applying IDT optimizations ...
INFO: [Pwropt 34-10] Applying ODC optimizations ...

Finished Running Vector-less Activity Propagation


Starting PowerOpt Patch Enables Task
INFO: [Pwropt 34-162] WRITE_MODE attribute of 0 BRAM(s) out of a total of 67 has been updated to save power. Run report_power_opt to get a complete listing of the BRAMs updated.
INFO: [Pwropt 34-201] Structural ODC has moved 0 WE to EN ports
Number of BRAM Ports augmented: 3 newly gated: 0 Total Ports: 134
Ending PowerOpt Patch Enables Task | Checksum: 1d5aabae0

Time (s): cpu = 00:00:00.39 ; elapsed = 00:00:00.39 . Memory (MB): peak = 3780.141 ; gain = 0.000 ; free physical = 35958 ; free virtual = 54479
Ending Power Optimization Task | Checksum: 1d5aabae0

Time (s): cpu = 00:00:15 ; elapsed = 00:00:08 . Memory (MB): peak = 3780.141 ; gain = 284.797 ; free physical = 35974 ; free virtual = 54495

Starting Final Cleanup Task
Ending Final Cleanup Task | Checksum: 1d5aabae0

Time (s): cpu = 00:00:00.01 ; elapsed = 00:00:00.01 . Memory (MB): peak = 3780.141 ; gain = 0.000 ; free physical = 35974 ; free virtual = 54495

Starting Netlist Obfuscation Task
Netlist sorting complete. Time (s): cpu = 00:00:00.01 ; elapsed = 00:00:00.01 . Memory (MB): peak = 3780.141 ; gain = 0.000 ; free physical = 35974 ; free virtual = 54495
Ending Netlist Obfuscation Task | Checksum: 18e3b9173

Time (s): cpu = 00:00:00.02 ; elapsed = 00:00:00.01 . Memory (MB): peak = 3780.141 ; gain = 0.000 ; free physical = 35974 ; free virtual = 54495
INFO: [Common 17-83] Releasing license: Implementation
54 Infos, 3 Warnings, 0 Critical Warnings and 0 Errors encountered.
opt_design completed successfully
opt_design: Time (s): cpu = 00:00:37 ; elapsed = 00:00:27 . Memory (MB): peak = 3780.141 ; gain = 981.133 ; free physical = 35974 ; free virtual = 54495
INFO: [Timing 38-480] Writing timing data to binary archive.
Writing XDEF routing.
Writing XDEF routing logical nets.
Writing XDEF routing special nets.
Write XDEF Complete: Time (s): cpu = 00:00:00.38 ; elapsed = 00:00:00.09 . Memory (MB): peak = 3780.141 ; gain = 0.000 ; free physical = 35959 ; free virtual = 54483
INFO: [Common 17-1381] The checkpoint '/home/STUDENTS/varun/Desktop/Major_Project/BTP_ML_ACCEL/FPGA_Deploy/vivado/knn_accel_overlay/knn_accel_overlay.runs/impl_1/design_1_wrapper_opt.dcp' has been generated.
INFO: [runtcl-4] Executing : report_drc -file design_1_wrapper_drc_opted.rpt -pb design_1_wrapper_drc_opted.pb -rpx design_1_wrapper_drc_opted.rpx
Command: report_drc -file design_1_wrapper_drc_opted.rpt -pb design_1_wrapper_drc_opted.pb -rpx design_1_wrapper_drc_opted.rpx
INFO: [IP_Flow 19-1839] IP Catalog is up to date.
INFO: [DRC 23-27] Running DRC with 8 threads
INFO: [Vivado_Tcl 2-168] The results of DRC are in file /home/STUDENTS/varun/Desktop/Major_Project/BTP_ML_ACCEL/FPGA_Deploy/vivado/knn_accel_overlay/knn_accel_overlay.runs/impl_1/design_1_wrapper_drc_opted.rpt.
report_drc completed successfully
Command: place_design
Attempting to get a license for feature 'Implementation' and/or device 'xc7z020'
INFO: [Common 17-349] Got license for feature 'Implementation' and/or device 'xc7z020'
INFO: [DRC 23-27] Running DRC with 8 threads
INFO: [Vivado_Tcl 4-198] DRC finished with 0 Errors
INFO: [Vivado_Tcl 4-199] Please refer to the DRC report (report_drc) for more information.
Running DRC as a precondition to command place_design
INFO: [DRC 23-27] Running DRC with 8 threads
INFO: [Vivado_Tcl 4-198] DRC finished with 0 Errors
INFO: [Vivado_Tcl 4-199] Please refer to the DRC report (report_drc) for more information.

Starting Placer Task
INFO: [Place 30-611] Multithreading enabled for place_design using a maximum of 8 CPUs

Phase 1 Placer Initialization

Phase 1.1 Placer Initialization Netlist Sorting
Netlist sorting complete. Time (s): cpu = 00:00:00 ; elapsed = 00:00:00.01 . Memory (MB): peak = 3823.281 ; gain = 0.000 ; free physical = 35992 ; free virtual = 54521
Phase 1.1 Placer Initialization Netlist Sorting | Checksum: 138e83e87

Time (s): cpu = 00:00:00.02 ; elapsed = 00:00:00.03 . Memory (MB): peak = 3823.281 ; gain = 0.000 ; free physical = 35992 ; free virtual = 54521
Netlist sorting complete. Time (s): cpu = 00:00:00.01 ; elapsed = 00:00:00 . Memory (MB): peak = 3823.281 ; gain = 0.000 ; free physical = 35992 ; free virtual = 54521

Phase 1.2 IO Placement/ Clock Placement/ Build Placer Device
INFO: [Timing 38-35] Done setting XDC timing constraints.
Phase 1.2 IO Placement/ Clock Placement/ Build Placer Device | Checksum: 6ec49fff

Time (s): cpu = 00:00:04 ; elapsed = 00:00:02 . Memory (MB): peak = 3823.281 ; gain = 0.000 ; free physical = 35958 ; free virtual = 54486

Phase 1.3 Build Placer Netlist Model
Phase 1.3 Build Placer Netlist Model | Checksum: 12f11eed4

Time (s): cpu = 00:00:13 ; elapsed = 00:00:07 . Memory (MB): peak = 3823.281 ; gain = 0.000 ; free physical = 36029 ; free virtual = 54559

Phase 1.4 Constrain Clocks/Macros
Phase 1.4 Constrain Clocks/Macros | Checksum: 12f11eed4

Time (s): cpu = 00:00:13 ; elapsed = 00:00:07 . Memory (MB): peak = 3823.281 ; gain = 0.000 ; free physical = 36029 ; free virtual = 54559
Phase 1 Placer Initialization | Checksum: 12f11eed4

Time (s): cpu = 00:00:13 ; elapsed = 00:00:07 . Memory (MB): peak = 3823.281 ; gain = 0.000 ; free physical = 36029 ; free virtual = 54559

Phase 2 Global Placement

Phase 2.1 Floorplanning
Phase 2.1 Floorplanning | Checksum: 136e5d0ca

Time (s): cpu = 00:00:17 ; elapsed = 00:00:08 . Memory (MB): peak = 3823.281 ; gain = 0.000 ; free physical = 35974 ; free virtual = 54506

Phase 2.2 Update Timing before SLR Path Opt
Phase 2.2 Update Timing before SLR Path Opt | Checksum: 138ba2b8f

Time (s): cpu = 00:00:20 ; elapsed = 00:00:09 . Memory (MB): peak = 3823.281 ; gain = 0.000 ; free physical = 35955 ; free virtual = 54484

Phase 2.3 Post-Processing in Floorplanning
Phase 2.3 Post-Processing in Floorplanning | Checksum: 138ba2b8f

Time (s): cpu = 00:00:20 ; elapsed = 00:00:09 . Memory (MB): peak = 3823.281 ; gain = 0.000 ; free physical = 35955 ; free virtual = 54484

Phase 2.4 Global Placement Core

Phase 2.4.1 UpdateTiming Before Physical Synthesis
Phase 2.4.1 UpdateTiming Before Physical Synthesis | Checksum: 1a5e09c2c

Time (s): cpu = 00:00:56 ; elapsed = 00:00:24 . Memory (MB): peak = 3823.281 ; gain = 0.000 ; free physical = 35464 ; free virtual = 53992

Phase 2.4.2 Physical Synthesis In Placer
INFO: [Physopt 32-1035] Found 0 LUTNM shape to break, 3217 LUT instances to create LUTNM shape
INFO: [Physopt 32-1044] Break lutnm for timing: one critical 0, two critical 0, total 0, new lutff created 0
INFO: [Physopt 32-1138] End 1 Pass. Optimized 1533 nets or LUTs. Breaked 0 LUT, combined 1533 existing LUTs and moved 0 existing LUT
INFO: [Physopt 32-65] No nets found for high-fanout optimization.
INFO: [Physopt 32-232] Optimized 0 net. Created 0 new instance.
INFO: [Physopt 32-775] End 1 Pass. Optimized 0 net or cell. Created 0 new cell, deleted 0 existing cell and moved 0 existing cell
INFO: [Physopt 32-456] No candidate cells for DSP register optimization found in the design.
INFO: [Physopt 32-775] End 2 Pass. Optimized 0 net or cell. Created 0 new cell, deleted 0 existing cell and moved 0 existing cell
INFO: [Physopt 32-1123] No candidate cells found for Shift Register to Pipeline optimization
INFO: [Physopt 32-775] End 2 Pass. Optimized 0 net or cell. Created 0 new cell, deleted 0 existing cell and moved 0 existing cell
INFO: [Physopt 32-677] No candidate cells for Shift Register optimization found in the design
INFO: [Physopt 32-775] End 1 Pass. Optimized 0 net or cell. Created 0 new cell, deleted 0 existing cell and moved 0 existing cell
INFO: [Physopt 32-526] No candidate cells for BRAM register optimization found in the design
INFO: [Physopt 32-775] End 1 Pass. Optimized 0 net or cell. Created 0 new cell, deleted 0 existing cell and moved 0 existing cell
INFO: [Physopt 32-846] No candidate cells for URAM register optimization found in the design
INFO: [Physopt 32-775] End 2 Pass. Optimized 0 net or cell. Created 0 new cell, deleted 0 existing cell and moved 0 existing cell
INFO: [Physopt 32-949] No candidate nets found for dynamic/static region interface net replication
INFO: [Physopt 32-775] End 1 Pass. Optimized 0 net or cell. Created 0 new cell, deleted 0 existing cell and moved 0 existing cell
Netlist sorting complete. Time (s): cpu = 00:00:00.01 ; elapsed = 00:00:00.01 . Memory (MB): peak = 3823.281 ; gain = 0.000 ; free physical = 35098 ; free virtual = 53626

Summary of Physical Synthesis Optimizations
============================================


-----------------------------------------------------------------------------------------------------------------------------------------------------------
|  Optimization                                     |  Added Cells  |  Removed Cells  |  Optimized Cells/Nets  |  Dont Touch  |  Iterations  |  Elapsed   |
-----------------------------------------------------------------------------------------------------------------------------------------------------------
|  LUT Combining                                    |            0  |           1533  |                  1533  |           0  |           1  |  00:00:02  |
|  Retime                                           |            0  |              0  |                     0  |           0  |           1  |  00:00:00  |
|  Very High Fanout                                 |            0  |              0  |                     0  |           0  |           1  |  00:00:00  |
|  DSP Register                                     |            0  |              0  |                     0  |           0  |           1  |  00:00:00  |
|  Shift Register to Pipeline                       |            0  |              0  |                     0  |           0  |           1  |  00:00:00  |
|  Shift Register                                   |            0  |              0  |                     0  |           0  |           1  |  00:00:00  |
|  BRAM Register                                    |            0  |              0  |                     0  |           0  |           1  |  00:00:00  |
|  URAM Register                                    |            0  |              0  |                     0  |           0  |           1  |  00:00:00  |
|  Dynamic/Static Region Interface Net Replication  |            0  |              0  |                     0  |           0  |           1  |  00:00:00  |
|  Total                                            |            0  |           1533  |                  1533  |           0  |           9  |  00:00:02  |
-----------------------------------------------------------------------------------------------------------------------------------------------------------


Phase 2.4.2 Physical Synthesis In Placer | Checksum: 146c64524

Time (s): cpu = 00:01:02 ; elapsed = 00:00:28 . Memory (MB): peak = 3823.281 ; gain = 0.000 ; free physical = 34661 ; free virtual = 53188
Phase 2.4 Global Placement Core | Checksum: a7e7c483

Time (s): cpu = 00:01:04 ; elapsed = 00:00:29 . Memory (MB): peak = 3823.281 ; gain = 0.000 ; free physical = 34592 ; free virtual = 53117
Phase 2 Global Placement | Checksum: a7e7c483

Time (s): cpu = 00:01:04 ; elapsed = 00:00:29 . Memory (MB): peak = 3823.281 ; gain = 0.000 ; free physical = 34591 ; free virtual = 53116

Phase 3 Detail Placement

Phase 3.1 Commit Multi Column Macros
Phase 3.1 Commit Multi Column Macros | Checksum: 177f77b2a

Time (s): cpu = 00:01:08 ; elapsed = 00:00:30 . Memory (MB): peak = 3823.281 ; gain = 0.000 ; free physical = 34571 ; free virtual = 53078

Phase 3.2 Commit Most Macros & LUTRAMs
Phase 3.2 Commit Most Macros & LUTRAMs | Checksum: 194c65e58

Time (s): cpu = 00:01:14 ; elapsed = 00:00:33 . Memory (MB): peak = 3823.281 ; gain = 0.000 ; free physical = 34498 ; free virtual = 53008

Phase 3.3 Area Swap Optimization
Phase 3.3 Area Swap Optimization | Checksum: 1e99e30f7

Time (s): cpu = 00:01:15 ; elapsed = 00:00:33 . Memory (MB): peak = 3823.281 ; gain = 0.000 ; free physical = 34485 ; free virtual = 52995

Phase 3.4 Pipeline Register Optimization
Phase 3.4 Pipeline Register Optimization | Checksum: 1e22f795d

Time (s): cpu = 00:01:15 ; elapsed = 00:00:34 . Memory (MB): peak = 3823.281 ; gain = 0.000 ; free physical = 34484 ; free virtual = 52994

Phase 3.5 Fast Optimization
Phase 3.5 Fast Optimization | Checksum: 17a3e4a16

Time (s): cpu = 00:01:24 ; elapsed = 00:00:36 . Memory (MB): peak = 3823.281 ; gain = 0.000 ; free physical = 34405 ; free virtual = 52922

Phase 3.6 Small Shape Detail Placement
Phase 3.6 Small Shape Detail Placement | Checksum: 147018833

Time (s): cpu = 00:01:30 ; elapsed = 00:00:42 . Memory (MB): peak = 3823.281 ; gain = 0.000 ; free physical = 34415 ; free virtual = 52930

Phase 3.7 Re-assign LUT pins
Phase 3.7 Re-assign LUT pins | Checksum: f6072567

Time (s): cpu = 00:01:31 ; elapsed = 00:00:43 . Memory (MB): peak = 3823.281 ; gain = 0.000 ; free physical = 34400 ; free virtual = 52915

Phase 3.8 Pipeline Register Optimization
Phase 3.8 Pipeline Register Optimization | Checksum: 165d438ec

Time (s): cpu = 00:01:31 ; elapsed = 00:00:43 . Memory (MB): peak = 3823.281 ; gain = 0.000 ; free physical = 34400 ; free virtual = 52915
Phase 3 Detail Placement | Checksum: 165d438ec

Time (s): cpu = 00:01:32 ; elapsed = 00:00:44 . Memory (MB): peak = 3823.281 ; gain = 0.000 ; free physical = 34431 ; free virtual = 52946

Phase 4 Post Placement Optimization and Clean-Up

Phase 4.1 Post Commit Optimization
INFO: [Timing 38-35] Done setting XDC timing constraints.

Phase 4.1.1 Post Placement Optimization
Post Placement Optimization Initialization | Checksum: 1a48579a5

Phase 4.1.1.1 BUFG Insertion

Starting Physical Synthesis Task

Phase 1 Physical Synthesis Initialization
INFO: [Physopt 32-721] Multithreading enabled for phys_opt_design using a maximum of 8 CPUs
INFO: [Physopt 32-619] Estimated Timing Summary | WNS=-0.550 | TNS=-2.745 |
Phase 1 Physical Synthesis Initialization | Checksum: 10fd1f35a

Time (s): cpu = 00:00:02 ; elapsed = 00:00:00.61 . Memory (MB): peak = 3823.281 ; gain = 0.000 ; free physical = 34338 ; free virtual = 52840
INFO: [Place 46-56] BUFG insertion identified 0 candidate nets. Inserted BUFG: 0, Replicated BUFG Driver: 0, Skipped due to Placement/Routing Conflicts: 0, Skipped due to Timing Degradation: 0, Skipped due to Illegal Netlist: 0.
Ending Physical Synthesis Task | Checksum: 1d1d1de1b

Time (s): cpu = 00:00:03 ; elapsed = 00:00:00.98 . Memory (MB): peak = 3823.281 ; gain = 0.000 ; free physical = 34316 ; free virtual = 52818
Phase 4.1.1.1 BUFG Insertion | Checksum: 1a48579a5

Time (s): cpu = 00:01:45 ; elapsed = 00:00:49 . Memory (MB): peak = 3823.281 ; gain = 0.000 ; free physical = 34294 ; free virtual = 52796

Phase 4.1.1.2 Post Placement Timing Optimization
INFO: [Place 30-746] Post Placement Timing Summary WNS=0.881. For the most accurate timing information please run report_timing.
Phase 4.1.1.2 Post Placement Timing Optimization | Checksum: 1c09ba6f0

Time (s): cpu = 00:01:48 ; elapsed = 00:00:51 . Memory (MB): peak = 3823.281 ; gain = 0.000 ; free physical = 34245 ; free virtual = 52746

Time (s): cpu = 00:01:48 ; elapsed = 00:00:51 . Memory (MB): peak = 3823.281 ; gain = 0.000 ; free physical = 34244 ; free virtual = 52745
Phase 4.1 Post Commit Optimization | Checksum: 1c09ba6f0

Time (s): cpu = 00:01:48 ; elapsed = 00:00:51 . Memory (MB): peak = 3823.281 ; gain = 0.000 ; free physical = 34230 ; free virtual = 52731

Phase 4.2 Post Placement Cleanup
Phase 4.2 Post Placement Cleanup | Checksum: 1c09ba6f0

Time (s): cpu = 00:01:48 ; elapsed = 00:00:52 . Memory (MB): peak = 3823.281 ; gain = 0.000 ; free physical = 34302 ; free virtual = 52804

Phase 4.3 Placer Reporting

Phase 4.3.1 Print Estimated Congestion
INFO: [Place 30-612] Post-Placement Estimated Congestion 
 ____________________________________________________
|           | Global Congestion | Short Congestion  |
| Direction | Region Size       | Region Size       |
|___________|___________________|___________________|
|      North|                1x1|                4x4|
|___________|___________________|___________________|
|      South|                1x1|                1x1|
|___________|___________________|___________________|
|       East|                1x1|                1x1|
|___________|___________________|___________________|
|       West|                1x1|                1x1|
|___________|___________________|___________________|

Phase 4.3.1 Print Estimated Congestion | Checksum: 1c09ba6f0

Time (s): cpu = 00:01:49 ; elapsed = 00:00:52 . Memory (MB): peak = 3823.281 ; gain = 0.000 ; free physical = 34304 ; free virtual = 52805
Phase 4.3 Placer Reporting | Checksum: 1c09ba6f0

Time (s): cpu = 00:01:49 ; elapsed = 00:00:52 . Memory (MB): peak = 3823.281 ; gain = 0.000 ; free physical = 34311 ; free virtual = 52813

Phase 4.4 Final Placement Cleanup
Netlist sorting complete. Time (s): cpu = 00:00:00 ; elapsed = 00:00:00.01 . Memory (MB): peak = 3823.281 ; gain = 0.000 ; free physical = 34311 ; free virtual = 52813

Time (s): cpu = 00:01:49 ; elapsed = 00:00:52 . Memory (MB): peak = 3823.281 ; gain = 0.000 ; free physical = 34311 ; free virtual = 52813
Phase 4 Post Placement Optimization and Clean-Up | Checksum: 1321b7a0a

Time (s): cpu = 00:01:49 ; elapsed = 00:00:52 . Memory (MB): peak = 3823.281 ; gain = 0.000 ; free physical = 34309 ; free virtual = 52811
Ending Placer Task | Checksum: c3f32514

Time (s): cpu = 00:01:49 ; elapsed = 00:00:53 . Memory (MB): peak = 3823.281 ; gain = 0.000 ; free physical = 34308 ; free virtual = 52810
INFO: [Common 17-83] Releasing license: Implementation
94 Infos, 3 Warnings, 0 Critical Warnings and 0 Errors encountered.
place_design completed successfully
place_design: Time (s): cpu = 00:01:52 ; elapsed = 00:00:54 . Memory (MB): peak = 3823.281 ; gain = 0.000 ; free physical = 34333 ; free virtual = 52835
INFO: [Timing 38-480] Writing timing data to binary archive.
Writing XDEF routing.
Writing XDEF routing logical nets.
Writing XDEF routing special nets.
Write XDEF Complete: Time (s): cpu = 00:00:05 ; elapsed = 00:00:02 . Memory (MB): peak = 3823.281 ; gain = 0.000 ; free physical = 34278 ; free virtual = 52810
INFO: [Common 17-1381] The checkpoint '/home/STUDENTS/varun/Desktop/Major_Project/BTP_ML_ACCEL/FPGA_Deploy/vivado/knn_accel_overlay/knn_accel_overlay.runs/impl_1/design_1_wrapper_placed.dcp' has been generated.
INFO: [runtcl-4] Executing : report_io -file design_1_wrapper_io_placed.rpt
report_io: Time (s): cpu = 00:00:00.12 ; elapsed = 00:00:00.31 . Memory (MB): peak = 3823.281 ; gain = 0.000 ; free physical = 34306 ; free virtual = 52824
INFO: [runtcl-4] Executing : report_utilization -file design_1_wrapper_utilization_placed.rpt -pb design_1_wrapper_utilization_placed.pb
INFO: [runtcl-4] Executing : report_control_sets -verbose -file design_1_wrapper_control_sets_placed.rpt
report_control_sets: Time (s): cpu = 00:00:00.11 ; elapsed = 00:00:00.34 . Memory (MB): peak = 3823.281 ; gain = 0.000 ; free physical = 34300 ; free virtual = 52826
Command: phys_opt_design
Attempting to get a license for feature 'Implementation' and/or device 'xc7z020'
INFO: [Common 17-349] Got license for feature 'Implementation' and/or device 'xc7z020'

Starting Initial Update Timing Task

Time (s): cpu = 00:00:08 ; elapsed = 00:00:03 . Memory (MB): peak = 3823.281 ; gain = 0.000 ; free physical = 34109 ; free virtual = 52638
INFO: [Vivado_Tcl 4-383] Design worst setup slack (WNS) is greater than or equal to 0.000 ns. Skipping all physical synthesis optimizations.
INFO: [Vivado_Tcl 4-232] No setup violation found. The netlist was not modified.
INFO: [Common 17-83] Releasing license: Implementation
103 Infos, 3 Warnings, 0 Critical Warnings and 0 Errors encountered.
phys_opt_design completed successfully
INFO: [Timing 38-480] Writing timing data to binary archive.
Writing XDEF routing.
Writing XDEF routing logical nets.
Writing XDEF routing special nets.
Write XDEF Complete: Time (s): cpu = 00:00:06 ; elapsed = 00:00:02 . Memory (MB): peak = 3823.281 ; gain = 0.000 ; free physical = 34205 ; free virtual = 52759
INFO: [Common 17-1381] The checkpoint '/home/STUDENTS/varun/Desktop/Major_Project/BTP_ML_ACCEL/FPGA_Deploy/vivado/knn_accel_overlay/knn_accel_overlay.runs/impl_1/design_1_wrapper_physopt.dcp' has been generated.
Command: route_design
Attempting to get a license for feature 'Implementation' and/or device 'xc7z020'
INFO: [Common 17-349] Got license for feature 'Implementation' and/or device 'xc7z020'
Running DRC as a precondition to command route_design
INFO: [DRC 23-27] Running DRC with 8 threads
INFO: [Vivado_Tcl 4-198] DRC finished with 0 Errors
INFO: [Vivado_Tcl 4-199] Please refer to the DRC report (report_drc) for more information.


Starting Routing Task
INFO: [Route 35-254] Multithreading enabled for route_design using a maximum of 8 CPUs

Phase 1 Build RT Design
Checksum: PlaceDB: bffba002 ConstDB: 0 ShapeSum: 3f78512 RouteDB: 0
Post Restoration Checksum: NetGraph: aea65805 NumContArr: 4bbc67f4 Constraints: 0 Timing: 0
Phase 1 Build RT Design | Checksum: fa62bff9

Time (s): cpu = 00:00:42 ; elapsed = 00:00:30 . Memory (MB): peak = 3823.281 ; gain = 0.000 ; free physical = 34147 ; free virtual = 52680

Phase 2 Router Initialization

Phase 2.1 Fix Topology Constraints
Phase 2.1 Fix Topology Constraints | Checksum: fa62bff9

Time (s): cpu = 00:00:42 ; elapsed = 00:00:31 . Memory (MB): peak = 3823.281 ; gain = 0.000 ; free physical = 34105 ; free virtual = 52640

Phase 2.2 Pre Route Cleanup
Phase 2.2 Pre Route Cleanup | Checksum: fa62bff9

Time (s): cpu = 00:00:42 ; elapsed = 00:00:31 . Memory (MB): peak = 3823.281 ; gain = 0.000 ; free physical = 34105 ; free virtual = 52640
 Number of Nodes with overlaps = 0

Phase 2.3 Update Timing
Phase 2.3 Update Timing | Checksum: 1830408d2

Time (s): cpu = 00:00:54 ; elapsed = 00:00:36 . Memory (MB): peak = 3835.332 ; gain = 12.051 ; free physical = 34064 ; free virtual = 52599
INFO: [Route 35-416] Intermediate Timing Summary | WNS=1.176  | TNS=0.000  | WHS=-0.246 | THS=-116.511|


Router Utilization Summary
  Global Vertical Routing Utilization    = 0 %
  Global Horizontal Routing Utilization  = 0 %
  Routable Net Status*
  *Does not include unroutable nets such as driverless and loadless.
  Run report_route_status for detailed report.
  Number of Failed Nets               = 21703
    (Failed Nets is the sum of unrouted and partially routed nets)
  Number of Unrouted Nets             = 21703
  Number of Partially Routed Nets     = 0
  Number of Node Overlaps             = 0

Phase 2 Router Initialization | Checksum: 21fdb0369

Time (s): cpu = 00:01:01 ; elapsed = 00:00:38 . Memory (MB): peak = 3839.332 ; gain = 16.051 ; free physical = 34057 ; free virtual = 52594

Phase 3 Initial Routing

Phase 3.1 Global Routing
Phase 3.1 Global Routing | Checksum: 21fdb0369

Time (s): cpu = 00:01:01 ; elapsed = 00:00:38 . Memory (MB): peak = 3839.332 ; gain = 16.051 ; free physical = 34057 ; free virtual = 52594
Phase 3 Initial Routing | Checksum: 1df9eb723

Time (s): cpu = 00:01:10 ; elapsed = 00:00:40 . Memory (MB): peak = 3839.332 ; gain = 16.051 ; free physical = 34069 ; free virtual = 52606

Phase 4 Rip-up And Reroute

Phase 4.1 Global Iteration 0
 Number of Nodes with overlaps = 1005
 Number of Nodes with overlaps = 157
 Number of Nodes with overlaps = 78
 Number of Nodes with overlaps = 40
 Number of Nodes with overlaps = 28
 Number of Nodes with overlaps = 14
 Number of Nodes with overlaps = 7
 Number of Nodes with overlaps = 4
 Number of Nodes with overlaps = 1
 Number of Nodes with overlaps = 0
INFO: [Route 35-416] Intermediate Timing Summary | WNS=0.112  | TNS=0.000  | WHS=N/A    | THS=N/A    |

Phase 4.1 Global Iteration 0 | Checksum: 1f0cf4e65

Time (s): cpu = 00:01:36 ; elapsed = 00:00:57 . Memory (MB): peak = 3839.332 ; gain = 16.051 ; free physical = 33982 ; free virtual = 52516

Phase 4.2 Global Iteration 1
 Number of Nodes with overlaps = 9
 Number of Nodes with overlaps = 3
 Number of Nodes with overlaps = 0
INFO: [Route 35-416] Intermediate Timing Summary | WNS=0.089  | TNS=0.000  | WHS=N/A    | THS=N/A    |

Phase 4.2 Global Iteration 1 | Checksum: fe870b3b

Time (s): cpu = 00:01:38 ; elapsed = 00:00:59 . Memory (MB): peak = 3839.332 ; gain = 16.051 ; free physical = 33904 ; free virtual = 52439
Phase 4 Rip-up And Reroute | Checksum: fe870b3b

Time (s): cpu = 00:01:38 ; elapsed = 00:00:59 . Memory (MB): peak = 3839.332 ; gain = 16.051 ; free physical = 33902 ; free virtual = 52437

Phase 5 Delay and Skew Optimization

Phase 5.1 Delay CleanUp
Phase 5.1 Delay CleanUp | Checksum: fe870b3b

Time (s): cpu = 00:01:38 ; elapsed = 00:00:59 . Memory (MB): peak = 3839.332 ; gain = 16.051 ; free physical = 33903 ; free virtual = 52438

Phase 5.2 Clock Skew Optimization
Phase 5.2 Clock Skew Optimization | Checksum: fe870b3b

Time (s): cpu = 00:01:38 ; elapsed = 00:00:59 . Memory (MB): peak = 3839.332 ; gain = 16.051 ; free physical = 33903 ; free virtual = 52438
Phase 5 Delay and Skew Optimization | Checksum: fe870b3b

Time (s): cpu = 00:01:38 ; elapsed = 00:00:59 . Memory (MB): peak = 3839.332 ; gain = 16.051 ; free physical = 33900 ; free virtual = 52434

Phase 6 Post Hold Fix

Phase 6.1 Hold Fix Iter

Phase 6.1.1 Update Timing
Phase 6.1.1 Update Timing | Checksum: 16302cc25

Time (s): cpu = 00:01:41 ; elapsed = 00:01:00 . Memory (MB): peak = 3839.332 ; gain = 16.051 ; free physical = 33908 ; free virtual = 52446
INFO: [Route 35-416] Intermediate Timing Summary | WNS=0.236  | TNS=0.000  | WHS=0.016  | THS=0.000  |

Phase 6.1 Hold Fix Iter | Checksum: 14641647e

Time (s): cpu = 00:01:41 ; elapsed = 00:01:01 . Memory (MB): peak = 3839.332 ; gain = 16.051 ; free physical = 33908 ; free virtual = 52446
Phase 6 Post Hold Fix | Checksum: 14641647e

Time (s): cpu = 00:01:42 ; elapsed = 00:01:01 . Memory (MB): peak = 3839.332 ; gain = 16.051 ; free physical = 33908 ; free virtual = 52446

Phase 7 Route finalize

Router Utilization Summary
  Global Vertical Routing Utilization    = 4.34488 %
  Global Horizontal Routing Utilization  = 6.62652 %
  Routable Net Status*
  *Does not include unroutable nets such as driverless and loadless.
  Run report_route_status for detailed report.
  Number of Failed Nets               = 0
    (Failed Nets is the sum of unrouted and partially routed nets)
  Number of Unrouted Nets             = 0
  Number of Partially Routed Nets     = 0
  Number of Node Overlaps             = 0

Phase 7 Route finalize | Checksum: 16c676f5b

Time (s): cpu = 00:01:42 ; elapsed = 00:01:01 . Memory (MB): peak = 3839.332 ; gain = 16.051 ; free physical = 33910 ; free virtual = 52448

Phase 8 Verifying routed nets

 Verification completed successfully
Phase 8 Verifying routed nets | Checksum: 16c676f5b

Time (s): cpu = 00:01:42 ; elapsed = 00:01:01 . Memory (MB): peak = 3839.332 ; gain = 16.051 ; free physical = 33907 ; free virtual = 52445

Phase 9 Depositing Routes
Phase 9 Depositing Routes | Checksum: 119afc0a2

Time (s): cpu = 00:01:45 ; elapsed = 00:01:03 . Memory (MB): peak = 3855.340 ; gain = 32.059 ; free physical = 33896 ; free virtual = 52432

Phase 10 Post Router Timing
INFO: [Route 35-57] Estimated Timing Summary | WNS=0.236  | TNS=0.000  | WHS=0.016  | THS=0.000  |

INFO: [Route 35-327] The final timing numbers are based on the router estimated timing analysis. For a complete and accurate timing signoff, please run report_timing_summary.
Phase 10 Post Router Timing | Checksum: 119afc0a2

Time (s): cpu = 00:01:47 ; elapsed = 00:01:03 . Memory (MB): peak = 3855.340 ; gain = 32.059 ; free physical = 33897 ; free virtual = 52432
INFO: [Route 35-16] Router Completed Successfully

Time (s): cpu = 00:01:47 ; elapsed = 00:01:03 . Memory (MB): peak = 3855.340 ; gain = 32.059 ; free physical = 33937 ; free virtual = 52472

Routing Is Done.
INFO: [Common 17-83] Releasing license: Implementation
118 Infos, 3 Warnings, 0 Critical Warnings and 0 Errors encountered.
route_design completed successfully
route_design: Time (s): cpu = 00:01:52 ; elapsed = 00:01:05 . Memory (MB): peak = 3855.340 ; gain = 32.059 ; free physical = 33867 ; free virtual = 52402
INFO: [Timing 38-480] Writing timing data to binary archive.
Writing XDEF routing.
Writing XDEF routing logical nets.
Writing XDEF routing special nets.
Write XDEF Complete: Time (s): cpu = 00:00:06 ; elapsed = 00:00:03 . Memory (MB): peak = 3855.340 ; gain = 0.000 ; free physical = 33029 ; free virtual = 51593
INFO: [Common 17-1381] The checkpoint '/home/STUDENTS/varun/Desktop/Major_Project/BTP_ML_ACCEL/FPGA_Deploy/vivado/knn_accel_overlay/knn_accel_overlay.runs/impl_1/design_1_wrapper_routed.dcp' has been generated.
write_checkpoint: Time (s): cpu = 00:00:11 ; elapsed = 00:00:06 . Memory (MB): peak = 3863.344 ; gain = 8.004 ; free physical = 32922 ; free virtual = 51468
INFO: [runtcl-4] Executing : report_drc -file design_1_wrapper_drc_routed.rpt -pb design_1_wrapper_drc_routed.pb -rpx design_1_wrapper_drc_routed.rpx
Command: report_drc -file design_1_wrapper_drc_routed.rpt -pb design_1_wrapper_drc_routed.pb -rpx design_1_wrapper_drc_routed.rpx
INFO: [IP_Flow 19-1839] IP Catalog is up to date.
INFO: [DRC 23-27] Running DRC with 8 threads
INFO: [Vivado_Tcl 2-168] The results of DRC are in file /home/STUDENTS/varun/Desktop/Major_Project/BTP_ML_ACCEL/FPGA_Deploy/vivado/knn_accel_overlay/knn_accel_overlay.runs/impl_1/design_1_wrapper_drc_routed.rpt.
report_drc completed successfully
INFO: [runtcl-4] Executing : report_methodology -file design_1_wrapper_methodology_drc_routed.rpt -pb design_1_wrapper_methodology_drc_routed.pb -rpx design_1_wrapper_methodology_drc_routed.rpx
Command: report_methodology -file design_1_wrapper_methodology_drc_routed.rpt -pb design_1_wrapper_methodology_drc_routed.pb -rpx design_1_wrapper_methodology_drc_routed.rpx
INFO: [Timing 38-35] Done setting XDC timing constraints.
INFO: [DRC 23-133] Running Methodology with 8 threads
INFO: [Vivado_Tcl 2-1520] The results of Report Methodology are in file /home/STUDENTS/varun/Desktop/Major_Project/BTP_ML_ACCEL/FPGA_Deploy/vivado/knn_accel_overlay/knn_accel_overlay.runs/impl_1/design_1_wrapper_methodology_drc_routed.rpt.
report_methodology completed successfully
report_methodology: Time (s): cpu = 00:00:18 ; elapsed = 00:00:06 . Memory (MB): peak = 3909.004 ; gain = 0.000 ; free physical = 32667 ; free virtual = 51215
INFO: [runtcl-4] Executing : report_power -file design_1_wrapper_power_routed.rpt -pb design_1_wrapper_power_summary_routed.pb -rpx design_1_wrapper_power_routed.rpx
Command: report_power -file design_1_wrapper_power_routed.rpt -pb design_1_wrapper_power_summary_routed.pb -rpx design_1_wrapper_power_routed.rpx
INFO: [Timing 38-35] Done setting XDC timing constraints.
Running Vector-less Activity Propagation...

Finished Running Vector-less Activity Propagation
WARNING: [Power 33-332] Found switching activity that implies high-fanout reset nets being asserted for excessive periods of time which may result in inaccurate power analysis.
Resolution: To review and fix problems, please run Power Constraints Advisor in the GUI from Tools > Power Constraints Advisor or run report_power with the -advisory option to generate a text report.
130 Infos, 4 Warnings, 0 Critical Warnings and 0 Errors encountered.
report_power completed successfully
INFO: [runtcl-4] Executing : report_route_status -file design_1_wrapper_route_status.rpt -pb design_1_wrapper_route_status.pb
INFO: [runtcl-4] Executing : report_timing_summary -max_paths 10 -report_unconstrained -file design_1_wrapper_timing_summary_routed.rpt -pb design_1_wrapper_timing_summary_routed.pb -rpx design_1_wrapper_timing_summary_routed.rpx -warn_on_violation 
INFO: [Timing 38-91] UpdateTimingParams: Speed grade: -1, Delay Type: min_max.
INFO: [Timing 38-191] Multithreading enabled for timing update using a maximum of 8 CPUs
INFO: [runtcl-4] Executing : report_incremental_reuse -file design_1_wrapper_incremental_reuse_routed.rpt
INFO: [Vivado_Tcl 4-1062] Incremental flow is disabled. No incremental reuse Info to report.
INFO: [runtcl-4] Executing : report_clock_utilization -file design_1_wrapper_clock_utilization_routed.rpt
INFO: [runtcl-4] Executing : report_bus_skew -warn_on_violation -file design_1_wrapper_bus_skew_routed.rpt -pb design_1_wrapper_bus_skew_routed.pb -rpx design_1_wrapper_bus_skew_routed.rpx
INFO: [Timing 38-91] UpdateTimingParams: Speed grade: -1, Delay Type: min_max.
INFO: [Timing 38-191] Multithreading enabled for timing update using a maximum of 8 CPUs
INFO: [Memdata 28-167] Found XPM memory block design_1_i/axi_dma_0/U0/I_PRMRY_DATAMOVER/GEN_S2MM_FULL.I_S2MM_FULL_WRAPPER/GEN_ENABLE_INDET_BTT_SF.I_INDET_BTT/I_XD_FIFO/NON_BLK_MEM.I_SYNC_FIFOGEN_FIFO/xpm_fifo_instance.xpm_fifo_sync_inst/xpm_fifo_base_inst/gen_sdpram.xpm_memory_base_inst with a P_MEMORY_PRIMITIVE property set to auto. A value of block is required. You will not be able to use the updatemem program to update the bitstream with new data for the design_1_i/axi_dma_0/U0/I_PRMRY_DATAMOVER/GEN_S2MM_FULL.I_S2MM_FULL_WRAPPER/GEN_ENABLE_INDET_BTT_SF.I_INDET_BTT/I_XD_FIFO/NON_BLK_MEM.I_SYNC_FIFOGEN_FIFO/xpm_fifo_instance.xpm_fifo_sync_inst/xpm_fifo_base_inst/gen_sdpram.xpm_memory_base_inst block.
INFO: [Memdata 28-208] The XPM instance: <design_1_i/axi_dma_0/U0/I_PRMRY_DATAMOVER/GEN_S2MM_FULL.I_S2MM_FULL_WRAPPER/GEN_ENABLE_INDET_BTT_SF.I_INDET_BTT/I_DATA_FIFO/BLK_MEM.I_SYNC_FIFOGEN_FIFO/xpm_fifo_instance.xpm_fifo_sync_inst/xpm_fifo_base_inst/gen_sdpram.xpm_memory_base_inst> is part of IP: <design_1_i/axi_dma_0>. This XPM instance will be excluded from the .mmi because updatemem is prohibited from making changes to an XPM that is part of an IP.
INFO: [Memdata 28-208] The XPM instance: <design_1_i/axi_dma_0/U0/I_PRMRY_DATAMOVER/GEN_MM2S_FULL.I_MM2S_FULL_WRAPPER/GEN_INCLUDE_MM2S_SF.I_RD_SF/I_DATA_FIFO/BLK_MEM.I_SYNC_FIFOGEN_FIFO/xpm_fifo_instance.xpm_fifo_sync_inst/xpm_fifo_base_inst/gen_sdpram.xpm_memory_base_inst> is part of IP: <design_1_i/axi_dma_0>. This XPM instance will be excluded from the .mmi because updatemem is prohibited from making changes to an XPM that is part of an IP.
Command: write_bitstream -force design_1_wrapper.bit
Attempting to get a license for feature 'Implementation' and/or device 'xc7z020'
INFO: [Common 17-349] Got license for feature 'Implementation' and/or device 'xc7z020'
Running DRC as a precondition to command write_bitstream
INFO: [IP_Flow 19-1839] IP Catalog is up to date.
INFO: [DRC 23-27] Running DRC with 8 threads
WARNING: [DRC DPIP-1] Input pipelining: DSP design_1_i/knn_accel_0/inst/grp_knn_accel_Pipeline_DIST_LOOP_fu_872/mac_muladd_16s_16s_32s_33_4_1_U71/knn_accel_mac_muladd_16s_16s_32s_33_4_1_DSP48_1_U/p_reg_reg input design_1_i/knn_accel_0/inst/grp_knn_accel_Pipeline_DIST_LOOP_fu_872/mac_muladd_16s_16s_32s_33_4_1_U71/knn_accel_mac_muladd_16s_16s_32s_33_4_1_DSP48_1_U/p_reg_reg/C[47:0] is not pipelined. Pipelining DSP48 input will improve performance.
WARNING: [DRC DPIP-1] Input pipelining: DSP design_1_i/knn_accel_0/inst/grp_knn_accel_Pipeline_DIST_LOOP_fu_872/mac_muladd_16s_16s_33s_34_4_1_U73/knn_accel_mac_muladd_16s_16s_33s_34_4_1_DSP48_3_U/p_reg_reg input design_1_i/knn_accel_0/inst/grp_knn_accel_Pipeline_DIST_LOOP_fu_872/mac_muladd_16s_16s_33s_34_4_1_U73/knn_accel_mac_muladd_16s_16s_33s_34_4_1_DSP48_3_U/p_reg_reg/C[47:0] is not pipelined. Pipelining DSP48 input will improve performance.
WARNING: [DRC DPIP-1] Input pipelining: DSP design_1_i/knn_accel_0/inst/grp_knn_accel_Pipeline_DIST_LOOP_fu_872/mac_muladd_16s_16s_34s_35_4_1_U77/knn_accel_mac_muladd_16s_16s_34s_35_4_1_DSP48_5_U/p_reg_reg input design_1_i/knn_accel_0/inst/grp_knn_accel_Pipeline_DIST_LOOP_fu_872/mac_muladd_16s_16s_34s_35_4_1_U77/knn_accel_mac_muladd_16s_16s_34s_35_4_1_DSP48_5_U/p_reg_reg/C[47:0] is not pipelined. Pipelining DSP48 input will improve performance.
WARNING: [DRC DPIP-1] Input pipelining: DSP design_1_i/knn_accel_0/inst/grp_knn_accel_Pipeline_DIST_LOOP_fu_872/mac_muladd_16s_16s_35s_36_4_1_U85/knn_accel_mac_muladd_16s_16s_35s_36_4_1_DSP48_7_U/p_reg_reg input design_1_i/knn_accel_0/inst/grp_knn_accel_Pipeline_DIST_LOOP_fu_872/mac_muladd_16s_16s_35s_36_4_1_U85/knn_accel_mac_muladd_16s_16s_35s_36_4_1_DSP48_7_U/p_reg_reg/C[47:0] is not pipelined. Pipelining DSP48 input will improve performance.
WARNING: [DRC DPIP-1] Input pipelining: DSP design_1_i/knn_accel_0/inst/grp_knn_accel_Pipeline_DIST_LOOP_fu_872/mac_muladd_16s_16s_36s_37_4_1_U101/knn_accel_mac_muladd_16s_16s_36s_37_4_1_DSP48_9_U/p_reg_reg input design_1_i/knn_accel_0/inst/grp_knn_accel_Pipeline_DIST_LOOP_fu_872/mac_muladd_16s_16s_36s_37_4_1_U101/knn_accel_mac_muladd_16s_16s_36s_37_4_1_DSP48_9_U/p_reg_reg/C[47:0] is not pipelined. Pipelining DSP48 input will improve performance.
WARNING: [DRC DPIP-1] Input pipelining: DSP design_1_i/knn_accel_0/inst/grp_knn_accel_Pipeline_DIST_LOOP_fu_872/mac_muladd_16s_16s_37s_38_4_1_U133/knn_accel_mac_muladd_16s_16s_37s_38_4_1_DSP48_11_U/p_reg_reg input design_1_i/knn_accel_0/inst/grp_knn_accel_Pipeline_DIST_LOOP_fu_872/mac_muladd_16s_16s_37s_38_4_1_U133/knn_accel_mac_muladd_16s_16s_37s_38_4_1_DSP48_11_U/p_reg_reg/C[47:0] is not pipelined. Pipelining DSP48 input will improve performance.
WARNING: [DRC PDCN-1569] LUT equation term check: Used physical LUT pin 'A4' of cell design_1_i/axi_mem_intercon/m00_couplers/auto_pc/inst/gen_axi4_axi3.axi3_conv_inst/USE_WRITE.write_addr_inst/USE_BURSTS.cmd_queue/inst/fifo_gen_inst/inst_fifo_gen/gconvfifo.rf/grf.rf/gntv_or_sync_fifo.gl0.rd/gr1.gr1_int.rfwft/gpregsm1.user_valid_i_1 (pin design_1_i/axi_mem_intercon/m00_couplers/auto_pc/inst/gen_axi4_axi3.axi3_conv_inst/USE_WRITE.write_addr_inst/USE_BURSTS.cmd_queue/inst/fifo_gen_inst/inst_fifo_gen/gconvfifo.rf/grf.rf/gntv_or_sync_fifo.gl0.rd/gr1.gr1_int.rfwft/gpregsm1.user_valid_i_1/I1) is not included in the LUT equation: 'O6=(A2)+((~A2)*(~A6)*A3)'. If this cell is a user instantiated LUT in the design, please remove connectivity to the pin or change the equation and/or INIT string of the LUT to prevent this issue. If the cell is inferred or IP created LUT, please regenerate the IP and/or resynthesize the design to attempt to correct the issue.
WARNING: [DRC PDCN-1569] LUT equation term check: Used physical LUT pin 'A6' of cell design_1_i/axi_mem_intercon/m00_couplers/auto_pc/inst/gen_axi4_axi3.axi3_conv_inst/USE_READ.USE_SPLIT_R.read_addr_inst/USE_R_CHANNEL.cmd_queue/inst/fifo_gen_inst/inst_fifo_gen/gconvfifo.rf/grf.rf/gntv_or_sync_fifo.gl0.rd/gr1.gr1_int.rfwft/gpregsm1.user_valid_i_1 (pin design_1_i/axi_mem_intercon/m00_couplers/auto_pc/inst/gen_axi4_axi3.axi3_conv_inst/USE_READ.USE_SPLIT_R.read_addr_inst/USE_R_CHANNEL.cmd_queue/inst/fifo_gen_inst/inst_fifo_gen/gconvfifo.rf/grf.rf/gntv_or_sync_fifo.gl0.rd/gr1.gr1_int.rfwft/gpregsm1.user_valid_i_1/I1) is not included in the LUT equation: 'O6=(A5)+((~A5)*(~A1)*A4)'. If this cell is a user instantiated LUT in the design, please remove connectivity to the pin or change the equation and/or INIT string of the LUT to prevent this issue. If the cell is inferred or IP created LUT, please regenerate the IP and/or resynthesize the design to attempt to correct the issue.
WARNING: [DRC PDCN-1569] LUT equation term check: Used physical LUT pin 'A6' of cell design_1_i/axi_mem_intercon/m00_couplers/auto_pc/inst/gen_axi4_axi3.axi3_conv_inst/USE_WRITE.write_addr_inst/USE_B_CHANNEL.cmd_b_queue/inst/fifo_gen_inst/inst_fifo_gen/gconvfifo.rf/grf.rf/gntv_or_sync_fifo.gl0.rd/gr1.gr1_int.rfwft/gpregsm1.user_valid_i_1 (pin design_1_i/axi_mem_intercon/m00_couplers/auto_pc/inst/gen_axi4_axi3.axi3_conv_inst/USE_WRITE.write_addr_inst/USE_B_CHANNEL.cmd_b_queue/inst/fifo_gen_inst/inst_fifo_gen/gconvfifo.rf/grf.rf/gntv_or_sync_fifo.gl0.rd/gr1.gr1_int.rfwft/gpregsm1.user_valid_i_1/I1) is not included in the LUT equation: 'O6=(A5)+((~A5)*(~A3)*A1)'. If this cell is a user instantiated LUT in the design, please remove connectivity to the pin or change the equation and/or INIT string of the LUT to prevent this issue. If the cell is inferred or IP created LUT, please regenerate the IP and/or resynthesize the design to attempt to correct the issue.
WARNING: [DRC RTSTAT-10] No routable loads: 33 net(s) have no routable loads. The problem bus(es) and/or net(s) are design_1_i/axi_mem_intercon/m00_couplers/auto_pc/inst/gen_axi4_axi3.axi3_conv_inst/USE_READ.USE_SPLIT_R.read_addr_inst/USE_R_CHANNEL.cmd_queue/inst/fifo_gen_inst/inst_fifo_gen/gconvfifo.rf/grf.rf/gntv_or_sync_fifo.gl0.rd/gr1.gr1_int.rfwft/aempty_fwft_i, design_1_i/axi_mem_intercon/m00_couplers/auto_pc/inst/gen_axi4_axi3.axi3_conv_inst/USE_WRITE.write_addr_inst/USE_BURSTS.cmd_queue/inst/fifo_gen_inst/inst_fifo_gen/gconvfifo.rf/grf.rf/gntv_or_sync_fifo.gl0.rd/gr1.gr1_int.rfwft/aempty_fwft_i, design_1_i/axi_mem_intercon/m00_couplers/auto_pc/inst/gen_axi4_axi3.axi3_conv_inst/USE_WRITE.write_addr_inst/USE_B_CHANNEL.cmd_b_queue/inst/fifo_gen_inst/inst_fifo_gen/gconvfifo.rf/grf.rf/gntv_or_sync_fifo.gl0.rd/gr1.gr1_int.rfwft/aempty_fwft_i, design_1_i/axi_mem_intercon/m00_couplers/auto_pc/inst/gen_axi4_axi3.axi3_conv_inst/USE_WRITE.write_addr_inst/USE_BURSTS.cmd_queue/inst/fifo_gen_inst/inst_fifo_gen/gconvfifo.rf/grf.rf/rstblk/ngwrdrst.grst.rd_rst_reg[2:0], design_1_i/axi_mem_intercon/m00_couplers/auto_pc/inst/gen_axi4_axi3.axi3_conv_inst/USE_WRITE.write_addr_inst/USE_B_CHANNEL.cmd_b_queue/inst/fifo_gen_inst/inst_fifo_gen/gconvfifo.rf/grf.rf/rstblk/ngwrdrst.grst.rd_rst_reg[2:0], design_1_i/axi_mem_intercon/m00_couplers/auto_pc/inst/gen_axi4_axi3.axi3_conv_inst/USE_READ.USE_SPLIT_R.read_addr_inst/USE_R_CHANNEL.cmd_queue/inst/fifo_gen_inst/inst_fifo_gen/gconvfifo.rf/grf.rf/rstblk/ngwrdrst.grst.rd_rst_reg[2:0], design_1_i/axi_mem_intercon/m00_couplers/auto_pc/inst/gen_axi4_axi3.axi3_conv_inst/USE_WRITE.write_addr_inst/USE_BURSTS.cmd_queue/inst/fifo_gen_inst/inst_fifo_gen/gconvfifo.rf/grf.rf/rstblk/ngwrdrst.grst.wr_rst_reg[2:0], design_1_i/axi_mem_intercon/m00_couplers/auto_pc/inst/gen_axi4_axi3.axi3_conv_inst/USE_READ.USE_SPLIT_R.read_addr_inst/USE_R_CHANNEL.cmd_queue/inst/fifo_gen_inst/inst_fifo_gen/gconvfifo.rf/grf.rf/rstblk/ngwrdrst.grst.wr_rst_reg[2:0], design_1_i/axi_mem_intercon/m00_couplers/auto_pc/inst/gen_axi4_axi3.axi3_conv_inst/USE_WRITE.write_addr_inst/USE_B_CHANNEL.cmd_b_queue/inst/fifo_gen_inst/inst_fifo_gen/gconvfifo.rf/grf.rf/rstblk/ngwrdrst.grst.wr_rst_reg[2:0], design_1_i/axi_mem_intercon/m00_couplers/auto_pc/inst/gen_axi4_axi3.axi3_conv_inst/USE_WRITE.write_addr_inst/USE_BURSTS.cmd_queue/inst/fifo_gen_inst/inst_fifo_gen/gconvfifo.rf/grf.rf/gntv_or_sync_fifo.gl0.wr/gwss.wsts/ram_afull_fb, design_1_i/axi_mem_intercon/m00_couplers/auto_pc/inst/gen_axi4_axi3.axi3_conv_inst/USE_READ.USE_SPLIT_R.read_addr_inst/USE_R_CHANNEL.cmd_queue/inst/fifo_gen_inst/inst_fifo_gen/gconvfifo.rf/grf.rf/gntv_or_sync_fifo.gl0.wr/gwss.wsts/ram_afull_fb, design_1_i/axi_mem_intercon/m00_couplers/auto_pc/inst/gen_axi4_axi3.axi3_conv_inst/USE_WRITE.write_addr_inst/USE_B_CHANNEL.cmd_b_queue/inst/fifo_gen_inst/inst_fifo_gen/gconvfifo.rf/grf.rf/gntv_or_sync_fifo.gl0.wr/gwss.wsts/ram_afull_fb, design_1_i/axi_mem_intercon/m00_couplers/auto_pc/inst/gen_axi4_axi3.axi3_conv_inst/USE_WRITE.write_addr_inst/USE_B_CHANNEL.cmd_b_queue/inst/fifo_gen_inst/inst_fifo_gen/gconvfifo.rf/grf.rf/gntv_or_sync_fifo.gl0.wr/gwss.wsts/ram_afull_i, design_1_i/axi_mem_intercon/m00_couplers/auto_pc/inst/gen_axi4_axi3.axi3_conv_inst/USE_READ.USE_SPLIT_R.read_addr_inst/USE_R_CHANNEL.cmd_queue/inst/fifo_gen_inst/inst_fifo_gen/gconvfifo.rf/grf.rf/gntv_or_sync_fifo.gl0.wr/gwss.wsts/ram_afull_i, design_1_i/axi_mem_intercon/m00_couplers/auto_pc/inst/gen_axi4_axi3.axi3_conv_inst/USE_WRITE.write_addr_inst/USE_BURSTS.cmd_queue/inst/fifo_gen_inst/inst_fifo_gen/gconvfifo.rf/grf.rf/gntv_or_sync_fifo.gl0.wr/gwss.wsts/ram_afull_i... and (the first 15 of 21 listed).
INFO: [DRC REQP-181] writefirst: Synchronous clocking is detected for BRAM (design_1_i/axi_dma_0/U0/I_PRMRY_DATAMOVER/GEN_MM2S_FULL.I_MM2S_FULL_WRAPPER/GEN_INCLUDE_MM2S_SF.I_RD_SF/I_DATA_FIFO/BLK_MEM.I_SYNC_FIFOGEN_FIFO/xpm_fifo_instance.xpm_fifo_sync_inst/xpm_fifo_base_inst/gen_sdpram.xpm_memory_base_inst/gen_wr_a.gen_word_narrow.mem_reg) in SDP mode with WRITE_FIRST write-mode. This is the preferred mode for best power characteristics, however it may exhibit address collisions if the same address appears on both read and write ports resulting in unknown or corrupted read data. It is suggested to confirm via simulation that an address collision never occurs and if so it is suggested to try and avoid this situation. If address collisions cannot be avoided, the write-mode may be set to READ_FIRST which guarantees that the read data is the prior contents of the memory at the cost of additional power in the design. See the FPGA Memory Resources User Guide for additional information.
INFO: [DRC REQP-181] writefirst: Synchronous clocking is detected for BRAM (design_1_i/axi_dma_0/U0/I_PRMRY_DATAMOVER/GEN_S2MM_FULL.I_S2MM_FULL_WRAPPER/GEN_ENABLE_INDET_BTT_SF.I_INDET_BTT/I_DATA_FIFO/BLK_MEM.I_SYNC_FIFOGEN_FIFO/xpm_fifo_instance.xpm_fifo_sync_inst/xpm_fifo_base_inst/gen_sdpram.xpm_memory_base_inst/gen_wr_a.gen_word_narrow.mem_reg) in SDP mode with WRITE_FIRST write-mode. This is the preferred mode for best power characteristics, however it may exhibit address collisions if the same address appears on both read and write ports resulting in unknown or corrupted read data. It is suggested to confirm via simulation that an address collision never occurs and if so it is suggested to try and avoid this situation. If address collisions cannot be avoided, the write-mode may be set to READ_FIRST which guarantees that the read data is the prior contents of the memory at the cost of additional power in the design. See the FPGA Memory Resources User Guide for additional information.
INFO: [Vivado 12-3199] DRC finished with 0 Errors, 10 Warnings, 2 Advisories
INFO: [Vivado 12-3200] Please refer to the DRC report (report_drc) for more information.
INFO: [Designutils 20-2272] Running write_bitstream with 8 threads.
Loading data files...
Loading site data...
Loading route data...
Processing options...
Creating bitmap...
Creating bitstream...
Writing bitstream ./design_1_wrapper.bit...
INFO: [Vivado 12-1842] Bitgen Completed Successfully.
INFO: [Common 17-83] Releasing license: Implementation
16 Infos, 10 Warnings, 0 Critical Warnings and 0 Errors encountered.
write_bitstream completed successfully
write_bitstream: Time (s): cpu = 00:00:44 ; elapsed = 00:00:30 . Memory (MB): peak = 4242.137 ; gain = 277.090 ; free physical = 31650 ; free virtual = 50216
INFO: [Common 17-206] Exiting Vivado at Sun Apr 19 19:01:38 2026...
